walk_file: 	 walk_repeat_zero_init.pt
data files: 	 repeat_present.txt , repeat_past.txt
init mode: 	 zero
num epochs: 	 100
------------------------------------------------------------
present, past data length: 2000 2000
number of batches: 8
INITIAL LOSS: zero init
LOSS 0 : tensor(55.6603, device='cuda:0', grad_fn=<MeanBackward0>)
LOSS 1 : tensor(55.3481, device='cuda:0', grad_fn=<MeanBackward0>)
LOSS 2 : tensor(55.0603, device='cuda:0', grad_fn=<MeanBackward0>)
LOSS 3 : tensor(55.1529, device='cuda:0', grad_fn=<MeanBackward0>)
LOSS 4 : tensor(55.9478, device='cuda:0', grad_fn=<MeanBackward0>)
LOSS 5 : tensor(55.8215, device='cuda:0', grad_fn=<MeanBackward0>)
LOSS 6 : tensor(55.7068, device='cuda:0', grad_fn=<MeanBackward0>)
LOSS 7 : tensor(56.2065, device='cuda:0', grad_fn=<MeanBackward0>)
average loss tensor(55.6130, device='cuda:0', grad_fn=<DivBackward0>)
============================================================
START TRAINING: walk_repeat_zero_init.pt
---------------------------
FINISHED EPOCH 0
average loss tensor(47.1858, device='cuda:0', grad_fn=<DivBackward0>)
loss tensor(38.9501, device='cuda:0', grad_fn=<MeanBackward0>)
time 4308433.58384603
============================================================
---------------------------
FINISHED EPOCH 1
average loss tensor(33.7772, device='cuda:0', grad_fn=<DivBackward0>)
loss tensor(30.6213, device='cuda:0', grad_fn=<MeanBackward0>)
time 4308433.883870565
============================================================
---------------------------
FINISHED EPOCH 2
average loss tensor(27.2065, device='cuda:0', grad_fn=<DivBackward0>)
loss tensor(25.8700, device='cuda:0', grad_fn=<MeanBackward0>)
time 4308434.182028398
============================================================
---------------------------
FINISHED EPOCH 3
average loss tensor(23.7041, device='cuda:0', grad_fn=<DivBackward0>)
loss tensor(22.3043, device='cuda:0', grad_fn=<MeanBackward0>)
time 4308434.481178441
============================================================
---------------------------
FINISHED EPOCH 4
average loss tensor(21.4103, device='cuda:0', grad_fn=<DivBackward0>)
loss tensor(20.7582, device='cuda:0', grad_fn=<MeanBackward0>)
time 4308434.78201637
============================================================
---------------------------
FINISHED EPOCH 5
average loss tensor(20.1009, device='cuda:0', grad_fn=<DivBackward0>)
loss tensor(19.5129, device='cuda:0', grad_fn=<MeanBackward0>)
time 4308435.081146828
============================================================
---------------------------
FINISHED EPOCH 6
average loss tensor(19.0043, device='cuda:0', grad_fn=<DivBackward0>)
loss tensor(18.3385, device='cuda:0', grad_fn=<MeanBackward0>)
time 4308435.381695551
============================================================
---------------------------
FINISHED EPOCH 7
average loss tensor(17.9358, device='cuda:0', grad_fn=<DivBackward0>)
loss tensor(17.2687, device='cuda:0', grad_fn=<MeanBackward0>)
time 4308435.681240001
============================================================
---------------------------
FINISHED EPOCH 8
average loss tensor(17.3495, device='cuda:0', grad_fn=<DivBackward0>)
loss tensor(17.1735, device='cuda:0', grad_fn=<MeanBackward0>)
time 4308435.978017433
============================================================
---------------------------
FINISHED EPOCH 9
average loss tensor(16.7215, device='cuda:0', grad_fn=<DivBackward0>)
loss tensor(16.4683, device='cuda:0', grad_fn=<MeanBackward0>)
time 4308436.274661228
============================================================
---------------------------
FINISHED EPOCH 10
average loss tensor(16.5862, device='cuda:0', grad_fn=<DivBackward0>)
loss tensor(16.0210, device='cuda:0', grad_fn=<MeanBackward0>)
time 4308436.571728047
============================================================
---------------------------
FINISHED EPOCH 11
average loss tensor(15.8238, device='cuda:0', grad_fn=<DivBackward0>)
loss tensor(15.7428, device='cuda:0', grad_fn=<MeanBackward0>)
time 4308436.87197629
============================================================
---------------------------
FINISHED EPOCH 12
average loss tensor(15.6541, device='cuda:0', grad_fn=<DivBackward0>)
loss tensor(15.7039, device='cuda:0', grad_fn=<MeanBackward0>)
time 4308437.169887642
============================================================
---------------------------
FINISHED EPOCH 13
average loss tensor(15.3106, device='cuda:0', grad_fn=<DivBackward0>)
loss tensor(14.7881, device='cuda:0', grad_fn=<MeanBackward0>)
time 4308437.465626335
============================================================
---------------------------
FINISHED EPOCH 14
average loss tensor(15.0312, device='cuda:0', grad_fn=<DivBackward0>)
loss tensor(14.9806, device='cuda:0', grad_fn=<MeanBackward0>)
time 4308437.762297129
============================================================
---------------------------
FINISHED EPOCH 15
average loss tensor(14.9429, device='cuda:0', grad_fn=<DivBackward0>)
loss tensor(14.9822, device='cuda:0', grad_fn=<MeanBackward0>)
time 4308438.059063457
============================================================
---------------------------
FINISHED EPOCH 16
average loss tensor(14.8120, device='cuda:0', grad_fn=<DivBackward0>)
loss tensor(14.6569, device='cuda:0', grad_fn=<MeanBackward0>)
time 4308438.355745869
============================================================
---------------------------
FINISHED EPOCH 17
average loss tensor(14.3733, device='cuda:0', grad_fn=<DivBackward0>)
loss tensor(14.1488, device='cuda:0', grad_fn=<MeanBackward0>)
time 4308438.654334579
============================================================
---------------------------
FINISHED EPOCH 18
average loss tensor(14.4250, device='cuda:0', grad_fn=<DivBackward0>)
loss tensor(14.4307, device='cuda:0', grad_fn=<MeanBackward0>)
time 4308438.953746423
============================================================
---------------------------
FINISHED EPOCH 19
average loss tensor(13.9205, device='cuda:0', grad_fn=<DivBackward0>)
loss tensor(14.0465, device='cuda:0', grad_fn=<MeanBackward0>)
time 4308439.252525899
============================================================
---------------------------
FINISHED EPOCH 20
average loss tensor(13.9172, device='cuda:0', grad_fn=<DivBackward0>)
loss tensor(13.5140, device='cuda:0', grad_fn=<MeanBackward0>)
time 4308439.550274137
============================================================
---------------------------
FINISHED EPOCH 21
average loss tensor(13.6744, device='cuda:0', grad_fn=<DivBackward0>)
loss tensor(13.3941, device='cuda:0', grad_fn=<MeanBackward0>)
time 4308439.84734635
============================================================
---------------------------
FINISHED EPOCH 22
average loss tensor(13.5891, device='cuda:0', grad_fn=<DivBackward0>)
loss tensor(13.4666, device='cuda:0', grad_fn=<MeanBackward0>)
time 4308440.143931706
============================================================
---------------------------
FINISHED EPOCH 23
average loss tensor(13.6219, device='cuda:0', grad_fn=<DivBackward0>)
loss tensor(13.6264, device='cuda:0', grad_fn=<MeanBackward0>)
time 4308440.440682889
============================================================
---------------------------
FINISHED EPOCH 24
average loss tensor(13.3284, device='cuda:0', grad_fn=<DivBackward0>)
loss tensor(13.1346, device='cuda:0', grad_fn=<MeanBackward0>)
time 4308440.737910845
============================================================
---------------------------
FINISHED EPOCH 25
average loss tensor(13.1476, device='cuda:0', grad_fn=<DivBackward0>)
loss tensor(13.3174, device='cuda:0', grad_fn=<MeanBackward0>)
time 4308441.036631493
============================================================
---------------------------
FINISHED EPOCH 26
average loss tensor(13.0097, device='cuda:0', grad_fn=<DivBackward0>)
loss tensor(12.6487, device='cuda:0', grad_fn=<MeanBackward0>)
time 4308441.334416371
============================================================
---------------------------
FINISHED EPOCH 27
average loss tensor(12.9753, device='cuda:0', grad_fn=<DivBackward0>)
loss tensor(12.7403, device='cuda:0', grad_fn=<MeanBackward0>)
time 4308441.632185219
============================================================
---------------------------
FINISHED EPOCH 28
average loss tensor(12.8472, device='cuda:0', grad_fn=<DivBackward0>)
loss tensor(12.8816, device='cuda:0', grad_fn=<MeanBackward0>)
time 4308441.929194425
============================================================
---------------------------
FINISHED EPOCH 29
average loss tensor(12.5556, device='cuda:0', grad_fn=<DivBackward0>)
loss tensor(12.1343, device='cuda:0', grad_fn=<MeanBackward0>)
time 4308442.226805666
============================================================
---------------------------
FINISHED EPOCH 30
average loss tensor(12.6599, device='cuda:0', grad_fn=<DivBackward0>)
loss tensor(12.7890, device='cuda:0', grad_fn=<MeanBackward0>)
time 4308442.523488877
============================================================
---------------------------
FINISHED EPOCH 31
average loss tensor(12.5039, device='cuda:0', grad_fn=<DivBackward0>)
loss tensor(12.4537, device='cuda:0', grad_fn=<MeanBackward0>)
time 4308442.820594572
============================================================
---------------------------
FINISHED EPOCH 32
average loss tensor(12.2936, device='cuda:0', grad_fn=<DivBackward0>)
loss tensor(12.0171, device='cuda:0', grad_fn=<MeanBackward0>)
time 4308443.117182398
============================================================
---------------------------
FINISHED EPOCH 33
average loss tensor(12.2255, device='cuda:0', grad_fn=<DivBackward0>)
loss tensor(12.4241, device='cuda:0', grad_fn=<MeanBackward0>)
time 4308443.414042527
============================================================
---------------------------
FINISHED EPOCH 34
average loss tensor(12.2403, device='cuda:0', grad_fn=<DivBackward0>)
loss tensor(12.2794, device='cuda:0', grad_fn=<MeanBackward0>)
time 4308443.711249884
============================================================
---------------------------
FINISHED EPOCH 35
average loss tensor(12.2969, device='cuda:0', grad_fn=<DivBackward0>)
loss tensor(12.0969, device='cuda:0', grad_fn=<MeanBackward0>)
time 4308444.007980494
============================================================
---------------------------
FINISHED EPOCH 36
average loss tensor(12.0087, device='cuda:0', grad_fn=<DivBackward0>)
loss tensor(11.3989, device='cuda:0', grad_fn=<MeanBackward0>)
time 4308444.305111106
============================================================
---------------------------
FINISHED EPOCH 37
average loss tensor(12.0216, device='cuda:0', grad_fn=<DivBackward0>)
loss tensor(12.4025, device='cuda:0', grad_fn=<MeanBackward0>)
time 4308444.602214262
============================================================
---------------------------
FINISHED EPOCH 38
average loss tensor(11.8207, device='cuda:0', grad_fn=<DivBackward0>)
loss tensor(11.9547, device='cuda:0', grad_fn=<MeanBackward0>)
time 4308444.899111203
============================================================
---------------------------
FINISHED EPOCH 39
average loss tensor(11.8161, device='cuda:0', grad_fn=<DivBackward0>)
loss tensor(11.6874, device='cuda:0', grad_fn=<MeanBackward0>)
time 4308445.196680886
============================================================
---------------------------
FINISHED EPOCH 40
average loss tensor(11.7363, device='cuda:0', grad_fn=<DivBackward0>)
loss tensor(11.7326, device='cuda:0', grad_fn=<MeanBackward0>)
time 4308445.493508056
============================================================
---------------------------
FINISHED EPOCH 41
average loss tensor(11.6351, device='cuda:0', grad_fn=<DivBackward0>)
loss tensor(11.5965, device='cuda:0', grad_fn=<MeanBackward0>)
time 4308445.790204998
============================================================
---------------------------
FINISHED EPOCH 42
average loss tensor(11.7484, device='cuda:0', grad_fn=<DivBackward0>)
loss tensor(11.7272, device='cuda:0', grad_fn=<MeanBackward0>)
time 4308446.088804882
============================================================
---------------------------
FINISHED EPOCH 43
average loss tensor(11.5687, device='cuda:0', grad_fn=<DivBackward0>)
loss tensor(11.4390, device='cuda:0', grad_fn=<MeanBackward0>)
time 4308446.38569486
============================================================
---------------------------
FINISHED EPOCH 44
average loss tensor(11.7216, device='cuda:0', grad_fn=<DivBackward0>)
loss tensor(11.7516, device='cuda:0', grad_fn=<MeanBackward0>)
time 4308446.680461457
============================================================
---------------------------
FINISHED EPOCH 45
average loss tensor(11.5350, device='cuda:0', grad_fn=<DivBackward0>)
loss tensor(11.2212, device='cuda:0', grad_fn=<MeanBackward0>)
time 4308446.975642799
============================================================
---------------------------
FINISHED EPOCH 46
average loss tensor(11.3898, device='cuda:0', grad_fn=<DivBackward0>)
loss tensor(11.3437, device='cuda:0', grad_fn=<MeanBackward0>)
time 4308447.272363299
============================================================
---------------------------
FINISHED EPOCH 47
average loss tensor(11.4445, device='cuda:0', grad_fn=<DivBackward0>)
loss tensor(11.3290, device='cuda:0', grad_fn=<MeanBackward0>)
time 4308447.568684819
============================================================
---------------------------
FINISHED EPOCH 48
average loss tensor(11.2307, device='cuda:0', grad_fn=<DivBackward0>)
loss tensor(10.9830, device='cuda:0', grad_fn=<MeanBackward0>)
time 4308447.865228414
============================================================
---------------------------
FINISHED EPOCH 49
average loss tensor(11.2376, device='cuda:0', grad_fn=<DivBackward0>)
loss tensor(11.1929, device='cuda:0', grad_fn=<MeanBackward0>)
time 4308448.162013428
============================================================
---------------------------
FINISHED EPOCH 50
average loss tensor(11.0984, device='cuda:0', grad_fn=<DivBackward0>)
loss tensor(11.0779, device='cuda:0', grad_fn=<MeanBackward0>)
time 4308448.455812391
============================================================
---------------------------
FINISHED EPOCH 51
average loss tensor(11.1347, device='cuda:0', grad_fn=<DivBackward0>)
loss tensor(10.8050, device='cuda:0', grad_fn=<MeanBackward0>)
time 4308448.753463778
============================================================
---------------------------
FINISHED EPOCH 52
average loss tensor(11.0883, device='cuda:0', grad_fn=<DivBackward0>)
loss tensor(11.0385, device='cuda:0', grad_fn=<MeanBackward0>)
time 4308449.050375454
============================================================
---------------------------
FINISHED EPOCH 53
average loss tensor(11.0524, device='cuda:0', grad_fn=<DivBackward0>)
loss tensor(10.8713, device='cuda:0', grad_fn=<MeanBackward0>)
time 4308449.347411168
============================================================
---------------------------
FINISHED EPOCH 54
average loss tensor(11.0471, device='cuda:0', grad_fn=<DivBackward0>)
loss tensor(10.9194, device='cuda:0', grad_fn=<MeanBackward0>)
time 4308449.644192551
============================================================
---------------------------
FINISHED EPOCH 55
average loss tensor(10.9337, device='cuda:0', grad_fn=<DivBackward0>)
loss tensor(11.3337, device='cuda:0', grad_fn=<MeanBackward0>)
time 4308449.937966741
============================================================
---------------------------
FINISHED EPOCH 56
average loss tensor(10.8880, device='cuda:0', grad_fn=<DivBackward0>)
loss tensor(10.6110, device='cuda:0', grad_fn=<MeanBackward0>)
time 4308450.232654335
============================================================
---------------------------
FINISHED EPOCH 57
average loss tensor(10.7996, device='cuda:0', grad_fn=<DivBackward0>)
loss tensor(10.7378, device='cuda:0', grad_fn=<MeanBackward0>)
time 4308450.530099294
============================================================
---------------------------
FINISHED EPOCH 58
average loss tensor(10.8545, device='cuda:0', grad_fn=<DivBackward0>)
loss tensor(11.0377, device='cuda:0', grad_fn=<MeanBackward0>)
time 4308450.827352485
============================================================
---------------------------
FINISHED EPOCH 59
average loss tensor(10.6609, device='cuda:0', grad_fn=<DivBackward0>)
loss tensor(10.7442, device='cuda:0', grad_fn=<MeanBackward0>)
time 4308451.123970726
============================================================
---------------------------
FINISHED EPOCH 60
average loss tensor(10.8431, device='cuda:0', grad_fn=<DivBackward0>)
loss tensor(11.0560, device='cuda:0', grad_fn=<MeanBackward0>)
time 4308451.420722197
============================================================
---------------------------
FINISHED EPOCH 61
average loss tensor(10.6192, device='cuda:0', grad_fn=<DivBackward0>)
loss tensor(10.1124, device='cuda:0', grad_fn=<MeanBackward0>)
time 4308451.715107113
============================================================
---------------------------
FINISHED EPOCH 62
average loss tensor(10.6878, device='cuda:0', grad_fn=<DivBackward0>)
loss tensor(10.3992, device='cuda:0', grad_fn=<MeanBackward0>)
time 4308452.011979445
============================================================
---------------------------
FINISHED EPOCH 63
average loss tensor(10.7116, device='cuda:0', grad_fn=<DivBackward0>)
loss tensor(10.8312, device='cuda:0', grad_fn=<MeanBackward0>)
time 4308452.307415894
============================================================
---------------------------
FINISHED EPOCH 64
average loss tensor(10.5552, device='cuda:0', grad_fn=<DivBackward0>)
loss tensor(10.6017, device='cuda:0', grad_fn=<MeanBackward0>)
time 4308452.603859605
============================================================
---------------------------
FINISHED EPOCH 65
average loss tensor(10.3888, device='cuda:0', grad_fn=<DivBackward0>)
loss tensor(10.2577, device='cuda:0', grad_fn=<MeanBackward0>)
time 4308452.901897033
============================================================
---------------------------
FINISHED EPOCH 66
average loss tensor(10.3876, device='cuda:0', grad_fn=<DivBackward0>)
loss tensor(11.0562, device='cuda:0', grad_fn=<MeanBackward0>)
time 4308453.195479268
============================================================
---------------------------
FINISHED EPOCH 67
average loss tensor(10.3956, device='cuda:0', grad_fn=<DivBackward0>)
loss tensor(10.3064, device='cuda:0', grad_fn=<MeanBackward0>)
time 4308453.492170195
============================================================
---------------------------
FINISHED EPOCH 68
average loss tensor(10.4281, device='cuda:0', grad_fn=<DivBackward0>)
loss tensor(10.6357, device='cuda:0', grad_fn=<MeanBackward0>)
time 4308453.789118745
============================================================
---------------------------
FINISHED EPOCH 69
average loss tensor(10.3166, device='cuda:0', grad_fn=<DivBackward0>)
loss tensor(10.8348, device='cuda:0', grad_fn=<MeanBackward0>)
time 4308454.086268161
============================================================
---------------------------
FINISHED EPOCH 70
average loss tensor(10.4654, device='cuda:0', grad_fn=<DivBackward0>)
loss tensor(10.9728, device='cuda:0', grad_fn=<MeanBackward0>)
time 4308454.382451433
============================================================
---------------------------
FINISHED EPOCH 71
average loss tensor(10.2713, device='cuda:0', grad_fn=<DivBackward0>)
loss tensor(10.3241, device='cuda:0', grad_fn=<MeanBackward0>)
time 4308454.68265632
============================================================
---------------------------
FINISHED EPOCH 72
average loss tensor(10.2227, device='cuda:0', grad_fn=<DivBackward0>)
loss tensor(10.3277, device='cuda:0', grad_fn=<MeanBackward0>)
time 4308454.9794303
============================================================
---------------------------
FINISHED EPOCH 73
average loss tensor(10.0324, device='cuda:0', grad_fn=<DivBackward0>)
loss tensor(9.9516, device='cuda:0', grad_fn=<MeanBackward0>)
time 4308455.276235758
============================================================
---------------------------
FINISHED EPOCH 74
average loss tensor(10.1185, device='cuda:0', grad_fn=<DivBackward0>)
loss tensor(10.1425, device='cuda:0', grad_fn=<MeanBackward0>)
time 4308455.57502975
============================================================
---------------------------
FINISHED EPOCH 75
average loss tensor(10.0942, device='cuda:0', grad_fn=<DivBackward0>)
loss tensor(9.9213, device='cuda:0', grad_fn=<MeanBackward0>)
time 4308455.872191769
============================================================
---------------------------
FINISHED EPOCH 76
average loss tensor(10.0634, device='cuda:0', grad_fn=<DivBackward0>)
loss tensor(9.8717, device='cuda:0', grad_fn=<MeanBackward0>)
time 4308456.169901886
============================================================
---------------------------
FINISHED EPOCH 77
average loss tensor(10.0015, device='cuda:0', grad_fn=<DivBackward0>)
loss tensor(10.1068, device='cuda:0', grad_fn=<MeanBackward0>)
time 4308456.467060235
============================================================
---------------------------
FINISHED EPOCH 78
average loss tensor(10.0688, device='cuda:0', grad_fn=<DivBackward0>)
loss tensor(9.7717, device='cuda:0', grad_fn=<MeanBackward0>)
time 4308456.764574419
============================================================
---------------------------
FINISHED EPOCH 79
average loss tensor(10.2181, device='cuda:0', grad_fn=<DivBackward0>)
loss tensor(9.9303, device='cuda:0', grad_fn=<MeanBackward0>)
time 4308457.060818265
============================================================
---------------------------
FINISHED EPOCH 80
average loss tensor(10.0401, device='cuda:0', grad_fn=<DivBackward0>)
loss tensor(10.1394, device='cuda:0', grad_fn=<MeanBackward0>)
time 4308457.357390671
============================================================
---------------------------
FINISHED EPOCH 81
average loss tensor(10.0631, device='cuda:0', grad_fn=<DivBackward0>)
loss tensor(9.6185, device='cuda:0', grad_fn=<MeanBackward0>)
time 4308457.656515483
============================================================
---------------------------
FINISHED EPOCH 82
average loss tensor(9.9277, device='cuda:0', grad_fn=<DivBackward0>)
loss tensor(9.9449, device='cuda:0', grad_fn=<MeanBackward0>)
time 4308457.953222628
============================================================
---------------------------
FINISHED EPOCH 83
average loss tensor(9.9470, device='cuda:0', grad_fn=<DivBackward0>)
loss tensor(9.8002, device='cuda:0', grad_fn=<MeanBackward0>)
time 4308458.250606615
============================================================
---------------------------
FINISHED EPOCH 84
average loss tensor(9.9555, device='cuda:0', grad_fn=<DivBackward0>)
loss tensor(9.9973, device='cuda:0', grad_fn=<MeanBackward0>)
time 4308458.547352762
============================================================
---------------------------
FINISHED EPOCH 85
average loss tensor(9.8641, device='cuda:0', grad_fn=<DivBackward0>)
loss tensor(10.2599, device='cuda:0', grad_fn=<MeanBackward0>)
time 4308458.843890198
============================================================
---------------------------
FINISHED EPOCH 86
average loss tensor(9.7707, device='cuda:0', grad_fn=<DivBackward0>)
loss tensor(9.7326, device='cuda:0', grad_fn=<MeanBackward0>)
time 4308459.140672837
============================================================
---------------------------
FINISHED EPOCH 87
average loss tensor(9.7358, device='cuda:0', grad_fn=<DivBackward0>)
loss tensor(9.6458, device='cuda:0', grad_fn=<MeanBackward0>)
time 4308459.437793258
============================================================
---------------------------
FINISHED EPOCH 88
average loss tensor(9.8984, device='cuda:0', grad_fn=<DivBackward0>)
loss tensor(9.7360, device='cuda:0', grad_fn=<MeanBackward0>)
time 4308459.73519847
============================================================
---------------------------
FINISHED EPOCH 89
average loss tensor(9.7432, device='cuda:0', grad_fn=<DivBackward0>)
loss tensor(10.1069, device='cuda:0', grad_fn=<MeanBackward0>)
time 4308460.031605558
============================================================
---------------------------
FINISHED EPOCH 90
average loss tensor(9.9421, device='cuda:0', grad_fn=<DivBackward0>)
loss tensor(10.0962, device='cuda:0', grad_fn=<MeanBackward0>)
time 4308460.329080766
============================================================
---------------------------
FINISHED EPOCH 91
average loss tensor(9.8012, device='cuda:0', grad_fn=<DivBackward0>)
loss tensor(9.8245, device='cuda:0', grad_fn=<MeanBackward0>)
time 4308460.626303675
============================================================
---------------------------
FINISHED EPOCH 92
average loss tensor(9.7372, device='cuda:0', grad_fn=<DivBackward0>)
loss tensor(9.6354, device='cuda:0', grad_fn=<MeanBackward0>)
time 4308460.923149397
============================================================
---------------------------
FINISHED EPOCH 93
average loss tensor(9.7476, device='cuda:0', grad_fn=<DivBackward0>)
loss tensor(9.7448, device='cuda:0', grad_fn=<MeanBackward0>)
time 4308461.220633985
============================================================
---------------------------
FINISHED EPOCH 94
average loss tensor(9.9312, device='cuda:0', grad_fn=<DivBackward0>)
loss tensor(9.7051, device='cuda:0', grad_fn=<MeanBackward0>)
time 4308461.517555735
============================================================
---------------------------
FINISHED EPOCH 95
average loss tensor(9.6622, device='cuda:0', grad_fn=<DivBackward0>)
loss tensor(9.7859, device='cuda:0', grad_fn=<MeanBackward0>)
time 4308461.814172724
============================================================
---------------------------
FINISHED EPOCH 96
average loss tensor(9.7088, device='cuda:0', grad_fn=<DivBackward0>)
loss tensor(9.9792, device='cuda:0', grad_fn=<MeanBackward0>)
time 4308462.111024053
============================================================
---------------------------
FINISHED EPOCH 97
average loss tensor(9.8822, device='cuda:0', grad_fn=<DivBackward0>)
loss tensor(10.0282, device='cuda:0', grad_fn=<MeanBackward0>)
time 4308462.407159692
============================================================
---------------------------
FINISHED EPOCH 98
average loss tensor(9.6627, device='cuda:0', grad_fn=<DivBackward0>)
loss tensor(9.6842, device='cuda:0', grad_fn=<MeanBackward0>)
time 4308462.701794381
============================================================
---------------------------
FINISHED EPOCH 99
average loss tensor(9.6547, device='cuda:0', grad_fn=<DivBackward0>)
loss tensor(9.8867, device='cuda:0', grad_fn=<MeanBackward0>)
time 4308462.99803542
============================================================
FINISHED TRAINING
tensor([ 1.1852e+00, -2.9570e+00, -2.8640e+00, -8.1459e-01, -2.0989e+00,
         2.4092e+00, -1.2461e+00, -7.4122e-01,  1.4333e+00, -4.6550e-01,
         9.7974e-01, -1.5202e+00, -2.4514e+00, -1.1121e+00,  2.0694e+00,
        -9.3832e-01, -4.7850e+00,  9.3370e-01, -1.9119e+00, -8.3957e-01,
        -3.4980e+00,  1.9037e+00,  5.2446e-02,  2.2150e+00,  5.2170e+00,
         1.2183e-01,  2.8303e+00,  1.5198e+00,  7.7404e-02,  2.7878e+00,
        -1.3587e-01, -4.0186e-01,  3.5868e+00, -3.2770e-03,  4.2637e+00,
        -7.3389e-01, -8.2319e-01, -2.2522e-01, -1.2311e+00, -1.9624e+00,
        -1.6269e+00, -3.3857e+00,  7.3037e-01,  1.5470e+00,  6.2082e-01,
        -2.9913e+00, -3.5370e-01, -8.7006e-01,  1.8640e+00, -7.7312e-01,
         3.5257e+00, -6.6863e+00,  7.8608e-01, -2.6045e-01,  2.7073e+00,
        -5.1434e-01,  4.1041e+00,  4.2485e-01,  3.0616e-01, -2.4585e+00,
        -4.3622e+00, -8.2524e-01, -3.1616e+00, -2.3933e+00, -2.1108e+00,
        -5.9704e-03, -3.3490e+00,  7.4129e-01, -1.2334e+00, -2.0343e+00,
         2.2383e+00, -4.3969e-01,  5.0128e-01, -3.0209e+00,  1.7450e+00,
        -1.2721e+00,  1.2082e+00,  1.6343e+00,  9.5562e-01,  7.6780e-01,
        -2.0540e+00,  3.9874e-01, -2.7051e+00, -2.9364e-01, -7.6378e-01,
         3.2489e+00, -1.4774e+00, -7.3389e-01,  1.1571e+00, -2.1950e+00,
         1.6500e+00, -9.7773e-01,  9.7616e-01, -8.8288e-01,  2.2200e+00,
        -1.3195e+00, -6.1620e-02,  5.2598e+00,  3.6514e-01,  8.7496e-01,
         4.1936e+00, -8.6105e-01, -4.2459e+00,  9.2661e-01, -1.8798e+00,
         3.2429e+00, -2.3805e-01,  3.3373e-02,  1.4324e+00, -2.0599e-01,
         4.9637e-01,  3.4648e+00,  8.3406e-01, -1.5476e+00,  9.4222e-01,
        -2.7250e+00, -7.2222e-01, -5.7870e-02,  8.3597e-01,  4.9232e-01,
         1.4576e+00,  2.1510e+00, -1.3043e+00,  2.5062e+00, -7.8869e-02,
        -2.8559e+00, -1.5703e-01, -5.0074e-01], device='cuda:0',
       requires_grad=True)
